<?xml version="1.0" encoding="UTF-8"?>
<testng-results skipped="0" failed="0" total="1" passed="1">
  <reporter-output>
  </reporter-output>
  <suite name="ALIP  - Details Test Suite" duration-ms="326611" started-at="2016-11-02T13:11:58Z" finished-at="2016-11-02T13:17:24Z">
    <groups>
    </groups>
    <test name="SetUp Scripts" duration-ms="6" started-at="2016-11-02T13:11:58Z" finished-at="2016-11-02T13:11:58Z">
    </test> <!-- SetUp Scripts -->
    <test name="Test WorkFlow" duration-ms="326588" started-at="2016-11-02T13:11:58Z" finished-at="2016-11-02T13:17:24Z">
      <class name="com.alip.selenium.pages.tests.TestWorkflow">
        <test-method status="PASS" signature="initDBPageBeforeTest()[pri:0, instance:com.alip.selenium.pages.tests.TestWorkflow@2ea6e30c]" name="initDBPageBeforeTest" is-config="true" duration-ms="9965" started-at="2016-11-02T18:41:58Z" finished-at="2016-11-02T18:42:08Z">
          <reporter-output>
          </reporter-output>
        </test-method> <!-- initDBPageBeforeTest -->
        <test-method status="PASS" signature="DeepDiveProj()[pri:0, instance:com.alip.selenium.pages.tests.TestWorkflow@2ea6e30c]" name="DeepDiveProj" duration-ms="314837" started-at="2016-11-02T18:42:08Z" description="Validating Creation of DeepDive Project " finished-at="2016-11-02T18:47:22Z">
          <reporter-output>
          </reporter-output>
        </test-method> <!-- DeepDiveProj -->
        <test-method status="PASS" signature="initRegistrationPageBeforeTest()[pri:0, instance:com.alip.selenium.pages.tests.TestWorkflow@2ea6e30c]" name="initRegistrationPageBeforeTest" is-config="true" duration-ms="0" started-at="2016-11-02T18:42:08Z" finished-at="2016-11-02T18:42:08Z">
          <reporter-output>
          </reporter-output>
        </test-method> <!-- initRegistrationPageBeforeTest -->
        <test-method status="PASS" signature="LogoutAfterTest()[pri:0, instance:com.alip.selenium.pages.tests.TestWorkflow@2ea6e30c]" name="LogoutAfterTest" is-config="true" duration-ms="1779" started-at="2016-11-02T18:47:22Z" finished-at="2016-11-02T18:47:24Z">
          <reporter-output>
          </reporter-output>
        </test-method> <!-- LogoutAfterTest -->
      </class> <!-- com.alip.selenium.pages.tests.TestWorkflow -->
      <class name="com.alip.selenium.pages.tests.initializeStop">
        <test-method status="PASS" signature="initBrowser()[pri:0, instance:com.alip.selenium.pages.tests.initializeStop@3b6eb2ec]" name="initBrowser" is-config="true" duration-ms="12" started-at="2016-11-02T18:41:58Z" finished-at="2016-11-02T18:41:58Z">
          <reporter-output>
          </reporter-output>
        </test-method> <!-- initBrowser -->
        <test-method status="PASS" signature="stop()[pri:0, instance:com.alip.selenium.pages.tests.initializeStop@3b6eb2ec]" name="stop" is-config="true" duration-ms="488" started-at="2016-11-02T18:47:24Z" finished-at="2016-11-02T18:47:25Z">
          <reporter-output>
          </reporter-output>
        </test-method> <!-- stop -->
      </class> <!-- com.alip.selenium.pages.tests.initializeStop -->
    </test> <!-- Test WorkFlow -->
  </suite> <!-- ALIP  - Details Test Suite -->
</testng-results>
